[07:31:33] [main/INFO]: Loading Minecraft 1.21.1 with Fabric Loader 0.17.2
[07:31:34] [main/INFO]: Loading 100 mods:
	- additionalstructures 5.1.0-fabric
	- biomesoplenty 21.1.0.12
	- c2me 0.3.0+alpha.0.320+1.21.1
	   |-- c2me-base 0.3.0+alpha.0.320+1.21.1
	   |-- c2me-client-uncapvd 0.3.0+alpha.0.320+1.21.1
	   |-- c2me-fixes-chunkio-threading-issues 0.3.0+alpha.0.320+1.21.1
	   |-- c2me-fixes-general-threading-issues 0.3.0+alpha.0.320+1.21.1
	   |-- c2me-fixes-worldgen-threading-issues 0.3.0+alpha.0.320+1.21.1
	   |-- c2me-fixes-worldgen-vanilla-bugs 0.3.0+alpha.0.320+1.21.1
	   |-- c2me-notickvd 0.3.0+alpha.0.320+1.21.1
	   |-- c2me-opts-allocs 0.3.0+alpha.0.320+1.21.1
	   |-- c2me-opts-chunk-access 0.3.0+alpha.0.320+1.21.1
	   |-- c2me-opts-chunkio 0.3.0+alpha.0.320+1.21.1
	   |-- c2me-opts-dfc 0.3.0+alpha.0.320+1.21.1
	   |-- c2me-opts-math 0.3.0+alpha.0.320+1.21.1
	   |-- c2me-opts-scheduling 0.3.0+alpha.0.320+1.21.1
	   |-- c2me-opts-worldgen-general 0.3.0+alpha.0.320+1.21.1
	   |-- c2me-opts-worldgen-vanilla 0.3.0+alpha.0.320+1.21.1
	   |-- c2me-rewrites-chunk-serializer 0.3.0+alpha.0.320+1.21.1
	   |-- c2me-rewrites-chunk-system 0.3.0+alpha.0.320+1.21.1
	   |-- c2me-rewrites-chunkio 0.3.0+alpha.0.320+1.21.1
	   |-- c2me-server-utils 0.3.0+alpha.0.320+1.21.1
	   |-- c2me-threading-lighting 0.3.0+alpha.0.320+1.21.1
	   |-- com_ibm_async_asyncutil 0.1.0
	   |-- io_reactivex_rxjava3_rxjava 3.1.8
	   |-- mixinsquared 0.2.0-beta.6
	   |-- net_objecthunter_exp4j 0.4.8
	   |-- org_jctools_jctools-core 4.0.5
	   \-- org_reactivestreams_reactive-streams 1.0.4
	- cardinal-components 6.1.2
	   |-- cardinal-components-base 6.1.2
	   |-- cardinal-components-block 6.1.2
	   |-- cardinal-components-chunk 6.1.2
	   |-- cardinal-components-entity 6.1.2
	   |-- cardinal-components-item 6.1.2
	   |-- cardinal-components-level 6.1.2
	   |-- cardinal-components-scoreboard 6.1.2
	   \-- cardinal-components-world 6.1.2
	- cloth-config 15.0.140
	   \-- cloth-basic-math 0.6.1
	- creativecore 2.13.11
	   \-- net_neoforged_bus 7.2.0
	- cristellib 1.2.8
	   \-- blue_endless_jankson 1.2.3
	- ctov 3.5.10
	- fabric-api 0.116.6+1.21.1
	   |-- fabric-api-base 0.4.42+6573ed8c19
	   |-- fabric-api-lookup-api-v1 1.6.71+b559734419
	   |-- fabric-biome-api-v1 13.0.31+d527f9fd19
	   |-- fabric-block-api-v1 1.1.0+0bc3503219
	   |-- fabric-block-view-api-v2 1.0.11+ebb2264e19
	   |-- fabric-blockrenderlayer-v1 1.1.52+0af3f5a719
	   |-- fabric-client-tags-api-v1 1.1.15+6573ed8c19
	   |-- fabric-command-api-v1 1.2.49+f71b366f19
	   |-- fabric-command-api-v2 2.2.28+6ced4dd919
	   |-- fabric-commands-v0 0.2.66+df3654b319
	   |-- fabric-content-registries-v0 8.0.19+b559734419
	   |-- fabric-convention-tags-v1 2.1.5+7f945d5b19
	   |-- fabric-convention-tags-v2 2.11.1+a406e79519
	   |-- fabric-crash-report-info-v1 0.2.29+0af3f5a719
	   |-- fabric-data-attachment-api-v1 1.4.5+6116a37819
	   |-- fabric-data-generation-api-v1 20.2.33+37516cd619
	   |-- fabric-dimensions-v1 4.0.1+65213ef819
	   |-- fabric-entity-events-v1 1.8.0+2b27e0a419
	   |-- fabric-events-interaction-v0 0.7.13+ba9dae0619
	   |-- fabric-game-rule-api-v1 1.0.53+6ced4dd919
	   |-- fabric-item-api-v1 11.2.0+3b3cb2e819
	   |-- fabric-item-group-api-v1 4.1.7+def88e3a19
	   |-- fabric-key-binding-api-v1 1.0.47+0af3f5a719
	   |-- fabric-keybindings-v0 0.2.45+df3654b319
	   |-- fabric-lifecycle-events-v1 2.6.0+0865547519
	   |-- fabric-loot-api-v2 3.0.15+3f89f5a519
	   |-- fabric-loot-api-v3 1.0.3+3f89f5a519
	   |-- fabric-message-api-v1 6.0.14+8aaf3aca19
	   |-- fabric-model-loading-api-v1 2.1.0+b4d813fc19
	   |-- fabric-networking-api-v1 4.3.0+c7469b2119
	   |-- fabric-object-builder-api-v1 15.2.1+40875a9319
	   |-- fabric-particles-v1 4.0.2+6573ed8c19
	   |-- fabric-recipe-api-v1 5.0.14+248df81c19
	   |-- fabric-registry-sync-v0 5.3.1+e3eddc2119
	   |-- fabric-renderer-api-v1 3.4.1+b4d813fc19
	   |-- fabric-renderer-indigo 1.7.1+c705a49c19
	   |-- fabric-renderer-registries-v1 3.2.69+df3654b319
	   |-- fabric-rendering-data-attachment-v1 0.3.49+73761d2e19
	   |-- fabric-rendering-fluids-v1 3.1.6+1daea21519
	   |-- fabric-rendering-v0 1.1.72+df3654b319
	   |-- fabric-rendering-v1 5.1.0+ab4c25a019
	   |-- fabric-resource-conditions-api-v1 4.3.0+8dc279b119
	   |-- fabric-resource-loader-v0 1.3.1+5b5275af19
	   |-- fabric-screen-api-v1 2.0.25+8b68f1c719
	   |-- fabric-screen-handler-api-v1 1.3.90+b559734419
	   |-- fabric-sound-api-v1 1.0.23+6573ed8c19
	   |-- fabric-transfer-api-v1 5.4.3+c24bd99419
	   \-- fabric-transitive-access-wideners-v1 6.2.0+45b9699719
	- fabricloader 0.17.2
	   \-- mixinextras 0.5.0
	- glitchcore 2.1.0.0
	   |-- com_electronwill_night-config_core 3.6.7
	   |-- com_electronwill_night-config_toml 3.6.7
	   \-- net_jodah_typetools 0.6.3
	- java 21
	- jei 19.22.1.316
	- lithium 0.15.0+mc1.21.1
	- lithostitched 1.4.11
	- lootr 1.21-1.10.35.91
	- minecraft 1.21.1
	- noisium 2.3.0+mc1.21-1.21.1
	- splinecart 0.3.1+1.21.1
	- t_and_t 1.13.2
	- tectonic 3.0.12
	- terrablender 4.1.0.8
	   |-- com_electronwill_night-config_core 3.6.7
	   \-- com_electronwill_night-config_toml 3.6.7
	- travelersbackpack 10.1.24
	- xaerominimap 25.2.10
[07:31:34] [main/INFO]: SpongePowered MIXIN Subsystem Version=0.8.7 Source=file:/workspaces/codespaces-blank/minecraft-extra-mods/libraries/net/fabricmc/sponge-mixin/0.16.3+mixin.0.8.7/sponge-mixin-0.16.3+mixin.0.8.7.jar Service=Knot/Fabric Env=SERVER
[07:31:34] [main/INFO]: Compatibility level set to JAVA_17
[07:31:34] [main/INFO]: Compatibility level set to JAVA_21
[07:31:35] [main/INFO]: Initializing com.ishland.c2me.base.mixin
[07:31:35] [main/INFO]: Global Executor Parallelism: 1 configured, 1 evaluated, 1 default evaluated
[07:31:35] [main/INFO]: Initializing com.ishland.c2me.fixes.chunkio.threading_issues.mixin
[07:31:35] [main/INFO]: Initializing com.ishland.c2me.fixes.general.threading_issues.mixin
[07:31:35] [main/INFO]: Initializing com.ishland.c2me.fixes.worldgen.threading_issues.mixin
[07:31:35] [main/INFO]: Initializing com.ishland.c2me.fixes.worldgen.vanilla_bugs.mixin
[07:31:35] [main/INFO]: Initializing com.ishland.c2me.notickvd.mixin
[07:31:35] [main/INFO]: Initializing com.ishland.c2me.opts.allocs.mixin
[07:31:35] [main/INFO]: Initializing com.ishland.c2me.opts.chunk_access.mixin
[07:31:35] [main/INFO]: Initializing com.ishland.c2me.opts.chunkio.mixin
[07:31:35] [main/INFO]: Initializing com.ishland.c2me.opts.dfc.mixin
[07:31:35] [main/INFO]: Disabling com.ishland.c2me.opts.dfc.mixin
[07:31:35] [main/INFO]: Initializing com.ishland.c2me.opts.math.mixin
[07:31:35] [main/INFO]: Initializing com.ishland.c2me.opts.scheduling.mixin
[07:31:35] [main/INFO]: Initializing com.ishland.c2me.opts.worldgen.general.mixin
[07:31:35] [main/INFO]: Initializing com.ishland.c2me.opts.worldgen.vanilla.mixin
[07:31:35] [main/INFO]: Initializing com.ishland.c2me.rewrites.chunk_serializer.mixin
[07:31:35] [main/INFO]: Disabling com.ishland.c2me.rewrites.chunk_serializer.mixin
[07:31:35] [main/INFO]: Initializing com.ishland.c2me.rewrites.chunksystem.mixin
[07:31:35] [main/INFO]: Initializing com.ishland.c2me.rewrites.chunkio.mixin
[07:31:35] [main/INFO]: Initializing com.ishland.c2me.server.utils.mixin
[07:31:35] [main/INFO]: Initializing com.ishland.c2me.threading.lighting.mixin
[07:31:35] [main/WARN]: Reference map '[common]ctov-common-refmap.json' for ctov-common.mixins.json could not be read. If this is a development environment you can ignore this message
[07:31:35] [main/INFO]: Option 'mixin.entity.collisions.fluid' requires 'mixin.util.block_tracking=true' but found 'false'. Setting 'mixin.entity.collisions.fluid=false'.
[07:31:35] [main/INFO]: Option 'mixin.experimental.entity.block_caching.block_support' requires 'mixin.util.block_tracking=true' but found 'false'. Setting 'mixin.experimental.entity.block_caching.block_support=false'.
[07:31:35] [main/INFO]: Option 'mixin.experimental.entity.block_caching.fluid_pushing' requires 'mixin.util.block_tracking=true' but found 'false'. Setting 'mixin.experimental.entity.block_caching.fluid_pushing=false'.
[07:31:35] [main/INFO]: Option 'mixin.experimental.entity.block_caching.block_touching' requires 'mixin.util.block_tracking=true' but found 'false'. Setting 'mixin.experimental.entity.block_caching.block_touching=false'.
[07:31:35] [main/INFO]: Option 'mixin.experimental.entity.block_caching.suffocation' requires 'mixin.util.block_tracking=true' but found 'false'. Setting 'mixin.experimental.entity.block_caching.suffocation=false'.
[07:31:35] [main/INFO]: Option 'mixin.experimental.entity.block_caching' requires 'mixin.util.block_tracking=true' but found 'false'. Setting 'mixin.experimental.entity.block_caching=false'.
[07:31:35] [main/INFO]: Loaded configuration file for Lithium: 149 options available, 0 override(s) found
[07:31:36] [main/WARN]: Error loading class: ca/spottedleaf/starlight/common/thread/SchedulingUtil (java.lang.ClassNotFoundException: ca/spottedleaf/starlight/common/thread/SchedulingUtil)
[07:31:37] [main/WARN]: Error loading class: net/fabricmc/fabric/api/client/rendering/v1/EntityModelLayerRegistry$TexturedModelDataProvider (java.lang.ClassNotFoundException: net/fabricmc/fabric/api/client/rendering/v1/EntityModelLayerRegistry$TexturedModelDataProvider)
[07:31:37] [main/INFO]: Initializing MixinExtras via com.llamalad7.mixinextras.service.MixinExtrasServiceImpl(version=0.5.0).
[07:31:50] [main/ERROR]: No data fixer registered for biomesoplenty:boat
[07:31:50] [main/ERROR]: No data fixer registered for biomesoplenty:chest_boat
[07:31:50] [main/ERROR]: No data fixer registered for anomaly
[07:31:50] [main/INFO]: Loading Noisium.
[07:31:50] [main/INFO]: Registered region minecraft:overworld to index 0 for type OVERWORLD
[07:31:50] [main/INFO]: Registered region minecraft:nether to index 0 for type NETHER
[07:31:50] [main/INFO]: Registered region biomesoplenty:overworld_primary to index 1 for type OVERWORLD
[07:31:50] [main/INFO]: Registered region biomesoplenty:overworld_secondary to index 2 for type OVERWORLD
[07:31:50] [main/INFO]: Registered region biomesoplenty:overworld_rare to index 3 for type OVERWORLD
[07:31:50] [main/INFO]: Registered region biomesoplenty:nether_common to index 1 for type NETHER
[07:31:50] [main/INFO]: Registered region biomesoplenty:nether_rare to index 2 for type NETHER
[07:31:50] [main/ERROR]: No data fixer registered for 
[07:31:51] [main/INFO]: Registered the FluidEffect with Unique ID of minecraft:water for Water (Fluid Amount Required: 81000) with the ID 0
[07:31:51] [main/INFO]: Registered the FluidEffect with Unique ID of minecraft:lava for Lava (Fluid Amount Required: 81000) with the ID 1
[07:31:51] [main/INFO]: Registered the FluidEffect with Unique ID of travelersbackpack:potion for block.travelersbackpack.potion_still (Fluid Amount Required: 27000) with the ID 2
[07:31:51] [main/INFO]: Registered the FluidEffect with Unique ID of minecraft:milk for Air (Fluid Amount Required: 81000) with the ID 3
[07:31:51] [main/INFO]: Loading Xaero's Minimap - Stage 1/2 (Server)
[07:31:51] [main/INFO]: Environment: Environment[sessionHost=https://sessionserver.mojang.com, servicesHost=https://api.minecraftservices.com, name=PROD]
[07:31:55] [main/INFO]: Loaded 1738 recipes
[07:31:55] [main/INFO]: Loaded 1855 advancements
[07:31:57] [main/INFO]: Initialized TerraBlender biomes for level stem minecraft:overworld
[07:31:57] [main/INFO]: Initialized TerraBlender biomes for level stem minecraft:the_nether
[07:31:57] [main/INFO]: Applied 0 biome modifications to 0 of 134 new biomes in 4.497 ms
[07:31:57] [Server thread/INFO]: Starting minecraft server version 1.21.1
[07:31:57] [Server thread/INFO]: Loading properties
[07:31:57] [Server thread/INFO]: Default game type: SURVIVAL
[07:31:57] [Server thread/INFO]: Generating keypair
[07:31:57] [Server thread/INFO]: Starting Minecraft server on *:25565
[07:31:57] [Server thread/INFO]: Using epoll channel type
[07:31:57] [Server thread/WARN]: **** SERVER IS RUNNING IN OFFLINE/INSECURE MODE!
[07:31:57] [Server thread/WARN]: The server will make no attempt to authenticate usernames. Beware.
[07:31:57] [Server thread/WARN]: While this makes the game possible to play without internet access, it also opens up the ability for hackers to connect with any username they choose.
[07:31:57] [Server thread/WARN]: To change this, set "online-mode" to "true" in the server.properties file.
[07:31:57] [Server thread/INFO]: Preparing level "world"
[07:31:57] [Server thread/INFO]: Enforcing safe world random access
[07:31:59] [Server thread/INFO]: Using TheSpeedyObjectFactory with Unsafe
[07:32:13] [Server thread/INFO]: Preparing start region for dimension minecraft:overworld
[07:32:15] [c2me-worker-0/INFO]: Preparing spawn area: 0%
[07:32:15] [c2me-worker-0/INFO]: Preparing spawn area: 0%
[07:32:15] [c2me-worker-0/INFO]: Preparing spawn area: 0%
[07:32:15] [c2me-worker-0/INFO]: Preparing spawn area: 0%
[07:32:15] [minecraft_overworld - Light/INFO]: Preparing spawn area: 0%
[07:32:17] [c2me-worker-0/INFO]: Preparing spawn area: 6%
[07:32:17] [c2me-worker-0/INFO]: Preparing spawn area: 6%
[07:32:17] [c2me-worker-0/INFO]: Preparing spawn area: 6%
[07:32:17] [c2me-worker-0/INFO]: Preparing spawn area: 18%
[07:32:18] [minecraft_overworld - Light/INFO]: Preparing spawn area: 55%
[07:32:18] [Server thread/INFO]: Time elapsed: 4812 ms
[07:32:18] [Server thread/INFO]: Done (20.930s)! For help, type "help"
[07:32:18] [Server thread/INFO]: Loading Xaero's Minimap - Stage 2/2 (Server)
[07:33:42] [Server thread/INFO]: [STDOUT]: Lithium Cached BlockState Flags are disabled!
[07:33:42] [Server thread/INFO]: Bhnklnd[/127.0.0.1:41622] logged in with entity id 9 at (460.1744503491182, 65.0, 262.3964302380185)
[07:33:42] [Server thread/INFO]: Loading config from file...
[07:33:42] [Server thread/INFO]: Bhnklnd joined the game
[07:33:49] [Server thread/WARN]: Can't keep up! Is the server overloaded? Running 2049ms or 40 ticks behind
[07:34:08] [Server thread/WARN]: Can't keep up! Is the server overloaded? Running 4117ms or 82 ticks behind
[07:34:41] [Server thread/INFO]: [Bhnklnd: Set own game mode to Spectator Mode]
[07:34:46] [Server thread/INFO]: [Bhnklnd: Set own game mode to Survival Mode]
[07:37:23] [Server thread/INFO]: [Bhnklnd: Gave 5 [Powered Rail] to Bhnklnd]
[07:38:06] [Server thread/INFO]: [Bhnklnd: Gave 1 [Redstone Torch] to Bhnklnd]
[07:38:10] [Server thread/INFO]: [Bhnklnd: Gave 1 [Redstone Torch] to Bhnklnd]
[07:41:20] [Server thread/INFO]: aj[/127.0.0.1:41350] logged in with entity id 2173 at (463.5354075442617, 71.0, 278.33617176688034)
[07:41:20] [Server thread/INFO]: Loading config from file...
[07:41:20] [Server thread/INFO]: aj joined the game
[07:42:58] [Server thread/INFO]: [Not Secure] <Bhnklnd> aj to mending ki book chah ri
[07:54:09] [Server thread/INFO]: [Bhnklnd: Set the time to 13000]
[07:55:16] [Server thread/WARN]: Can't keep up! Is the server overloaded? Running 2675ms or 53 ticks behind
[07:55:35] [Server thread/INFO]: [Bhnklnd: Teleported Bhnklnd to aj]
[07:55:51] [Server thread/INFO]: [Bhnklnd: Set own game mode to Spectator Mode]
[07:56:05] [Server thread/INFO]: [Bhnklnd: Set own game mode to Survival Mode]
[07:56:59] [Server thread/INFO]: [Bhnklnd: Set own game mode to Spectator Mode]
[07:57:02] [Server thread/INFO]: [Bhnklnd: Set own game mode to Survival Mode]
[07:58:39] [Server thread/INFO]: [Bhnklnd: Set own game mode to Spectator Mode]
[07:58:46] [Server thread/INFO]: [Bhnklnd: Set own game mode to Survival Mode]
[07:59:01] [Server thread/INFO]: [Bhnklnd: Set own game mode to Spectator Mode]
[07:59:04] [Server thread/INFO]: [Bhnklnd: Set own game mode to Survival Mode]
[08:19:02] [Server thread/INFO]: [Bhnklnd: Set own game mode to Spectator Mode]
[08:19:05] [Server thread/INFO]: [Bhnklnd: Set own game mode to Survival Mode]
[08:23:14] [Server thread/INFO]: [Bhnklnd: Set own game mode to Spectator Mode]
[08:23:19] [Server thread/INFO]: [Bhnklnd: Set own game mode to Survival Mode]
[08:26:23] [Server thread/INFO]: [Bhnklnd: Gave 1 [Lectern] to Bhnklnd]
[08:40:55] [Server thread/INFO]: [Bhnklnd: Gave 12 [Torch] to Bhnklnd]
[08:42:59] [Server thread/INFO]: Villager class_1646['Nitwit'/16746, l='ServerLevel[world]', x=448.98, y=63.00, z=287.38] died, message: 'Nitwit was slain by aj'
[08:49:48] [Server thread/INFO]: [Not Secure] <Bhnklnd> call
[08:49:51] [Server thread/INFO]: [Not Secure] <aj> okk
[08:55:53] [Server thread/INFO]: [Bhnklnd: Teleported Bhnklnd to aj]
[09:02:30] [Server thread/WARN]: Mismatch in destroy block pos: class_2338{x=148, y=72, z=147} class_2338{x=148, y=70, z=148}
[09:02:30] [Server thread/WARN]: Mismatch in destroy block pos: class_2338{x=148, y=72, z=147} class_2338{x=148, y=70, z=148}
[09:02:30] [Server thread/WARN]: Mismatch in destroy block pos: class_2338{x=148, y=72, z=147} class_2338{x=148, y=70, z=148}
[09:02:31] [Server thread/WARN]: Mismatch in destroy block pos: class_2338{x=143, y=72, z=146} class_2338{x=147, y=70, z=146}
[09:02:31] [Server thread/WARN]: Mismatch in destroy block pos: class_2338{x=143, y=72, z=146} class_2338{x=147, y=70, z=146}
[09:02:31] [Server thread/WARN]: Mismatch in destroy block pos: class_2338{x=143, y=72, z=145} class_2338{x=147, y=70, z=146}
[09:02:31] [Server thread/WARN]: Mismatch in destroy block pos: class_2338{x=143, y=72, z=145} class_2338{x=147, y=70, z=146}
[09:02:31] [Server thread/WARN]: Mismatch in destroy block pos: class_2338{x=141, y=72, z=144} class_2338{x=142, y=70, z=144}
[09:09:36] [Server thread/INFO]: Bhnklnd has made the advancement [What a Deal!]
[09:22:50] [Server thread/INFO]: Villager class_1646['Villager'/513, l='ServerLevel[world]', x=462.69, y=64.00, z=285.10] died, message: 'Villager was slain by Bhnklnd'
[09:25:15] [Server thread/INFO]: Villager class_1646['Armorer'/603, l='ServerLevel[world]', x=464.80, y=64.00, z=274.96] died, message: 'Armorer was slain by aj'
[09:29:31] [Server thread/INFO]: [Bhnklnd: Gave 1 [Birch Button] to Bhnklnd]
[09:46:29] [Server thread/INFO]: [Bhnklnd: Set the time to 13000]
[09:52:57] [Server thread/INFO]: [Bhnklnd: Teleported aj to Bhnklnd]
[10:29:53] [Server thread/INFO]: [Bhnklnd: Gave 500 experience points to aj]
[10:35:01] [Server thread/INFO]: [Bhnklnd: Gave 1 [Lectern] to Bhnklnd]
[10:41:26] [Server thread/INFO]: [Bhnklnd: Gave 32 [Paper] to Bhnklnd]
[10:42:05] [Server thread/INFO]: [Bhnklnd: Gave 1 [Acacia Button] to Bhnklnd]
[10:42:17] [Server thread/INFO]: [Bhnklnd: Gave 1 [Lectern] to Bhnklnd]
[10:42:24] [Server thread/INFO]: [Bhnklnd: Gave 1 [Acacia Button] to Bhnklnd]
[10:45:44] [Server thread/INFO]: [Bhnklnd: Gave 15 [Coal] to Bhnklnd]
[10:47:10] [Server thread/INFO]: [Bhnklnd: Gave 45 [Emerald] to Bhnklnd]
[10:54:26] [Server thread/INFO]: Villager class_1646['Librarian'/34696, l='ServerLevel[world]', x=449.33, y=64.00, z=286.60] died, message: 'Librarian burned to death'
[10:54:42] [Server thread/INFO]: [Bhnklnd: Gave 1 [Villager Spawn Egg] to Bhnklnd]
[10:56:18] [Server thread/INFO]: Villager class_1646['Villager'/47020, l='ServerLevel[world]', x=447.50, y=64.00, z=287.37] died, message: 'Villager burned to death'
[10:56:32] [Server thread/INFO]: [Bhnklnd: Gave 1 [Zombie Villager Spawn Egg] to Bhnklnd]
[10:59:36] [Server thread/INFO]: [Bhnklnd: Teleported aj to Bhnklnd]
[11:01:25] [Server thread/INFO]: [Bhnklnd: Gave 45 [Emerald] to Bhnklnd]
[11:02:51] [Server thread/INFO]: [Bhnklnd: Gave 45 [Emerald] to Bhnklnd]
[11:16:08] [Server thread/INFO]: [Bhnklnd: Gave 3 [Lava Bucket] to Bhnklnd]
[11:16:15] [Server thread/INFO]: aj has made the advancement [Hot Stuff]
[11:33:33] [Server thread/INFO]: [Bhnklnd: Gave 200 experience points to Bhnklnd]
[11:35:12] [Server thread/INFO]: [Bhnklnd: Gave 200 experience points to Bhnklnd]
[11:40:59] [Server thread/INFO]: Bhnklnd lost connection: Disconnected
[11:40:59] [Server thread/INFO]: Bhnklnd left the game
[11:41:03] [Server thread/INFO]: aj lost connection: Disconnected
[11:41:03] [Server thread/INFO]: aj left the game
[11:41:11] [Server thread/INFO]: Unknown or incomplete command, see below for error
[11:41:11] [Server thread/INFO]: <--[HERE]
[11:41:12] [Server thread/INFO]: Unknown or incomplete command, see below for error
[11:41:12] [Server thread/INFO]: <--[HERE]
[11:41:15] [Server thread/INFO]: Stopping server
[11:41:15] [Server thread/INFO]: Saving players
[11:41:15] [Server thread/INFO]: Saving worlds
[11:41:15] [Server thread/INFO]: ServerLevel[world]/minecraft:overworld: waiting for 841 chunks to unload
[11:41:15] [Server thread/INFO]: Saving chunks for level 'ServerLevel[world]'/minecraft:overworld
[11:41:15] [Server thread/INFO]: Saving chunks for level 'ServerLevel[world]'/minecraft:the_nether
[11:41:15] [Server thread/INFO]: Saving chunks for level 'ServerLevel[world]'/minecraft:the_end
[11:41:15] [Server thread/INFO]: ThreadedAnvilChunkStorage (world): All chunks are saved
[11:41:15] [Server thread/INFO]: ThreadedAnvilChunkStorage (DIM-1): All chunks are saved
[11:41:15] [Server thread/INFO]: ThreadedAnvilChunkStorage (DIM1): All chunks are saved
[11:41:15] [Server thread/INFO]: ThreadedAnvilChunkStorage: All dimensions are saved
[11:41:15] [C2ME Storage #3/INFO]: Storage thread Thread[#48,C2ME Storage #3,5,main] stopped
[11:41:15] [C2ME Storage #2/INFO]: Storage thread Thread[#47,C2ME Storage #2,5,main] stopped
[11:41:15] [C2ME Storage #1/INFO]: Storage thread Thread[#46,C2ME Storage #1,5,main] stopped
[11:41:15] [C2ME Storage #6/INFO]: Storage thread Thread[#53,C2ME Storage #6,5,main] stopped
[11:41:15] [C2ME Storage #5/INFO]: Storage thread Thread[#52,C2ME Storage #5,5,main] stopped
[11:41:15] [C2ME Storage #8/INFO]: Storage thread Thread[#56,C2ME Storage #8,5,main] stopped
[11:41:15] [C2ME Storage #4/INFO]: Storage thread Thread[#51,C2ME Storage #4,5,main] stopped
[11:41:15] [C2ME Storage #9/INFO]: Storage thread Thread[#57,C2ME Storage #9,5,main] stopped
[11:41:15] [C2ME Storage #7/INFO]: Storage thread Thread[#55,C2ME Storage #7,5,main] stopped
